[Oct 05 2015 11:22:03.000000 - ERROR] service=ReportService method=runReportJob responseTime=807 requestId=fe07d1c865974a07d4d0aad27f23f022 server=ads.google.com isFault=1 faultMessage=[AuthenticationError.NETWORK_NOT_FOUND @ ; trigger:'INSERT_NETWORK_CODE_HERE']
[Oct 05 2015 11:24:14.000000 - ERROR] service=ReportService method=runReportJob responseTime=120 requestId=53407871d112c64e3cd582da221aa567 server=ads.google.com isFault=1 faultMessage=[AuthenticationError.NETWORK_NOT_FOUND @ ; trigger:'INSERT_NETWORK_CODE_HERE']
[Oct 05 2015 11:24:23.000000 - ERROR] service=ReportService method=runReportJob responseTime=120 requestId=c0a60afc04d65ffeebdcc06d02a237f0 server=ads.google.com isFault=1 faultMessage=[AuthenticationError.NO_NETWORKS_TO_ACCESS @ ]
[Oct 05 2015 11:27:22.000000 - INFO] service=ReportService method=runReportJob responseTime=5307 requestId=ddea43f3d24230725bbbb02b8427d04e server=ads.google.com isFault=0 faultMessage=null
[Oct 05 2015 11:27:28.000000 - INFO] service=ReportService method=getReportJobStatus responseTime=5402 requestId=f03a9838a7bb55401aa212b8cbebc5fc server=ads.google.com isFault=0 faultMessage=null
[Oct 05 2015 11:27:31.000000 - INFO] service=ReportService method=getReportJobStatus responseTime=2815 requestId=71a94fadbdc03a420f811d358545bb37 server=ads.google.com isFault=0 faultMessage=null
[Oct 05 2015 11:27:34.000000 - INFO] service=ReportService method=getReportDownloadURL responseTime=3250 requestId=f5895b723aef842c8b218963dc36137e server=ads.google.com isFault=0 faultMessage=null
[Oct 05 2015 11:27:35.000000 - INFO] service=NetworkService method=getCurrentNetwork responseTime=720 requestId=62221cd402107cd90dac61530e7c00b7 server=ads.google.com isFault=0 faultMessage=null
[Oct 05 2015 11:27:38.000000 - ERROR] service=ReportService method=runReportJob responseTime=3359 requestId=09c29160809516928c4a7b88c2eb1e3f server=ads.google.com isFault=1 faultMessage=[ReportError.DIMENSION_VIEW_NOT_ALLOWED @ dimensions; trigger:'PARENT_AD_UNIT_ID']
[Oct 05 2015 11:59:18.000000 - ERROR] service=NetworkService method=getCurrentNetwork responseTime=111 requestId=3d5f367d70dc97927b867641cabde0fe server=ads.google.com isFault=1 faultMessage=[AuthenticationError.NO_NETWORKS_TO_ACCESS @ ]
[Oct 05 2015 11:59:28.000000 - ERROR] service=ReportService method=runReportJob responseTime=136 requestId=b45e8038625cce9bfc8451efe83e0b36 server=ads.google.com isFault=1 faultMessage=[AuthenticationError.NO_NETWORKS_TO_ACCESS @ ]
[Oct 05 2015 16:34:32.000000 - ERROR] service=ReportService method=runReportJob responseTime=116 requestId=3371d7886774f992afb8eb58600747b1 server=ads.google.com isFault=1 faultMessage=[AuthenticationError.NO_NETWORKS_TO_ACCESS @ ]
[Oct 05 2015 16:34:47.000000 - ERROR] service=ReportService method=runReportJob responseTime=0 requestId= server=ads.google.com isFault=1 faultMessage=Unmarshalling Error: For input string: "INSERT_CUSTOM_FIELD_ID_HERE" 
[Oct 05 2015 16:34:52.000000 - ERROR] service=ReportService method=runReportJob responseTime=132 requestId=1460e46a8e638109f6e91592522a363e server=ads.google.com isFault=1 faultMessage=[AuthenticationError.NO_NETWORKS_TO_ACCESS @ ]
[Oct 05 2015 16:35:02.000000 - ERROR] service=ReportService method=runReportJob responseTime=0 requestId= server=ads.google.com isFault=1 faultMessage=Unmarshalling Error: For input string: "INSERT_CUSTOM_FIELD_ID_HERE" 
[Oct 06 2015 09:35:37.000000 - INFO] service=ReportService method=runReportJob responseTime=1030 requestId=e9439a51cd18b70811f6bfdaa939172f server=ads.google.com isFault=0 faultMessage=null
[Oct 06 2015 09:35:37.000000 - INFO] service=ReportService method=getReportJobStatus responseTime=236 requestId=302d76bde355fccb07af02953342f619 server=ads.google.com isFault=0 faultMessage=null
[Oct 06 2015 09:36:08.000000 - INFO] service=ReportService method=getReportJobStatus responseTime=309 requestId=29aa86ef9c4ecb9f859094e15843e700 server=ads.google.com isFault=0 faultMessage=null
[Oct 06 2015 09:36:09.000000 - INFO] service=ReportService method=getReportJobStatus responseTime=321 requestId=18c84a938d09de27459fcbd676be0cf9 server=ads.google.com isFault=0 faultMessage=null
[Oct 06 2015 09:36:12.000000 - INFO] service=ReportService method=getReportDownloadURL responseTime=2747 requestId=3d6d6ca5593ad41683822715fc1ba10d server=ads.google.com isFault=0 faultMessage=null
[Oct 06 2015 09:47:17.000000 - INFO] service=NetworkService method=getCurrentNetwork responseTime=130 requestId=cdc7a70d32172bf25bac16d7f524638b server=ads.google.com isFault=0 faultMessage=null
[Oct 06 2015 09:47:18.000000 - INFO] service=ReportService method=runReportJob responseTime=862 requestId=91e04a143a4d138481dbb40b989c341f server=ads.google.com isFault=0 faultMessage=null
[Oct 06 2015 09:47:19.000000 - INFO] service=ReportService method=getReportJobStatus responseTime=322 requestId=4a157b4438b2b513b2308fa6c2ffb3da server=ads.google.com isFault=0 faultMessage=null
[Oct 06 2015 09:47:49.000000 - INFO] service=ReportService method=getReportJobStatus responseTime=314 requestId=6f6a3ee20b52fc17bdf690e1f2268910 server=ads.google.com isFault=0 faultMessage=null
[Oct 06 2015 09:48:20.000000 - INFO] service=ReportService method=getReportJobStatus responseTime=341 requestId=0c3ff4cd94359a912bac2230a35c781d server=ads.google.com isFault=0 faultMessage=null
[Oct 06 2015 09:48:51.000000 - INFO] service=ReportService method=getReportJobStatus responseTime=296 requestId=f949a53c14980582bba29b074b0909e7 server=ads.google.com isFault=0 faultMessage=null
[Oct 06 2015 09:49:21.000000 - INFO] service=ReportService method=getReportJobStatus responseTime=300 requestId=d0185c8706e9632ef9053016472d6789 server=ads.google.com isFault=0 faultMessage=null
[Oct 06 2015 09:49:52.000000 - INFO] service=ReportService method=getReportJobStatus responseTime=262 requestId=7db8b72d755899780ee10dae0aa579c6 server=ads.google.com isFault=0 faultMessage=null
[Oct 06 2015 09:50:23.000000 - INFO] service=ReportService method=getReportJobStatus responseTime=334 requestId=28a1956a2da7a95addcc4521b85d4d0d server=ads.google.com isFault=0 faultMessage=null
[Oct 06 2015 09:50:53.000000 - INFO] service=ReportService method=getReportJobStatus responseTime=313 requestId=dc4567228b71956d61849e97def4e160 server=ads.google.com isFault=0 faultMessage=null
[Oct 06 2015 09:51:24.000000 - INFO] service=ReportService method=getReportJobStatus responseTime=340 requestId=9605dcaae9f75d5eb4766da6894904e0 server=ads.google.com isFault=0 faultMessage=null
[Oct 06 2015 09:51:55.000000 - INFO] service=ReportService method=getReportJobStatus responseTime=277 requestId=d695c5f06da0ed7a2c4a911ebb351ad1 server=ads.google.com isFault=0 faultMessage=null
[Oct 06 2015 09:52:25.000000 - INFO] service=ReportService method=getReportJobStatus responseTime=302 requestId=768f84133c680578b896f08fb55640ef server=ads.google.com isFault=0 faultMessage=null
[Oct 06 2015 09:52:56.000000 - INFO] service=ReportService method=getReportJobStatus responseTime=307 requestId=b0ff599271761792ff75e011ac71567b server=ads.google.com isFault=0 faultMessage=null
[Oct 06 2015 09:53:27.000000 - INFO] service=ReportService method=getReportJobStatus responseTime=317 requestId=9776739cf492eadfc7f507f921e8d5e1 server=ads.google.com isFault=0 faultMessage=null
[Oct 06 2015 09:53:58.000000 - INFO] service=ReportService method=getReportJobStatus responseTime=287 requestId=a272bb18c1ab9d8cf344e03adf381212 server=ads.google.com isFault=0 faultMessage=null
[Oct 06 2015 09:54:28.000000 - INFO] service=ReportService method=getReportJobStatus responseTime=307 requestId=6108d30b1081a12d9a5ce97c2d76eebd server=ads.google.com isFault=0 faultMessage=null
[Oct 06 2015 09:54:59.000000 - INFO] service=ReportService method=getReportJobStatus responseTime=290 requestId=23e7a0a351ca187aacf8278168115f5e server=ads.google.com isFault=0 faultMessage=null
[Oct 06 2015 09:55:30.000000 - INFO] service=ReportService method=getReportJobStatus responseTime=267 requestId=8c1d7c4002e684876716e9ebd49faeaf server=ads.google.com isFault=0 faultMessage=null
[Oct 06 2015 09:56:05.000000 - INFO] service=ReportService method=getReportJobStatus responseTime=4701 requestId=8cba844ae9470cda5453c0faa197e4e0 server=ads.google.com isFault=0 faultMessage=null
[Oct 06 2015 09:56:36.000000 - INFO] service=ReportService method=getReportJobStatus responseTime=320 requestId=d057b6cad230c57d22da17d9dfd618c5 server=ads.google.com isFault=0 faultMessage=null
[Oct 06 2015 09:57:07.000000 - INFO] service=ReportService method=getReportJobStatus responseTime=287 requestId=7ea051a742400ae8c6acd935f6f59c76 server=ads.google.com isFault=0 faultMessage=null
[Oct 06 2015 09:57:38.000000 - INFO] service=ReportService method=getReportJobStatus responseTime=310 requestId=90438ee4bb80a169780f2c4a3b709640 server=ads.google.com isFault=0 faultMessage=null
[Oct 06 2015 09:58:09.000000 - INFO] service=ReportService method=getReportJobStatus responseTime=332 requestId=f8762e7d50da2d5f5c745226b47b2a69 server=ads.google.com isFault=0 faultMessage=null
[Oct 06 2015 09:58:40.000000 - INFO] service=ReportService method=getReportJobStatus responseTime=292 requestId=b040ff370867ef6cad5bf3d953a23ed1 server=ads.google.com isFault=0 faultMessage=null
[Oct 06 2015 09:59:10.000000 - INFO] service=ReportService method=getReportJobStatus responseTime=317 requestId=4c27cd319118a19eb38b9689716cdf40 server=ads.google.com isFault=0 faultMessage=null
[Oct 06 2015 09:59:11.000000 - INFO] service=ReportService method=getReportJobStatus responseTime=307 requestId=b9413e5adb040272c6945e94c2b1190e server=ads.google.com isFault=0 faultMessage=null
[Oct 06 2015 09:59:12.000000 - INFO] service=ReportService method=getReportDownloadURL responseTime=1021 requestId=4bfd7ca187c4c8cac7152dfeebebbc40 server=ads.google.com isFault=0 faultMessage=null
[Oct 06 2015 10:32:23.000000 - INFO] service=ReportService method=runReportJob responseTime=962 requestId=db1420816699bfd1edd02def249b0062 server=ads.google.com isFault=0 faultMessage=null
[Oct 06 2015 10:32:23.000000 - INFO] service=ReportService method=getReportJobStatus responseTime=292 requestId=05df4bbdb6a172845f65fa884e2ad09b server=ads.google.com isFault=0 faultMessage=null
[Oct 06 2015 10:32:54.000000 - INFO] service=ReportService method=getReportJobStatus responseTime=309 requestId=16829884e65474d29a3306c465e157ab server=ads.google.com isFault=0 faultMessage=null
[Oct 06 2015 10:32:55.000000 - INFO] service=ReportService method=getReportJobStatus responseTime=301 requestId=a4551ee4e4d0621efd7e70be01472323 server=ads.google.com isFault=0 faultMessage=null
[Oct 06 2015 10:32:56.000000 - INFO] service=ReportService method=getReportDownloadURL responseTime=1403 requestId=500c812ab0c6d12c004ddb647a2fad93 server=ads.google.com isFault=0 faultMessage=null
[Oct 06 2015 10:34:10.000000 - INFO] service=ReportService method=runReportJob responseTime=827 requestId=56ad45bb28bfe236611d790173c04999 server=ads.google.com isFault=0 faultMessage=null
[Oct 06 2015 10:34:10.000000 - INFO] service=ReportService method=getReportJobStatus responseTime=255 requestId=c3c105a261b63be420ef2c0ab0561307 server=ads.google.com isFault=0 faultMessage=null
[Oct 06 2015 10:34:41.000000 - INFO] service=ReportService method=getReportJobStatus responseTime=277 requestId=167f8e82a84f60d7d4abc30029b5663f server=ads.google.com isFault=0 faultMessage=null
[Oct 06 2015 10:34:41.000000 - INFO] service=ReportService method=getReportJobStatus responseTime=340 requestId=4a706c4dd8f7f08d46134d0349493be9 server=ads.google.com isFault=0 faultMessage=null
[Oct 06 2015 10:34:44.000000 - INFO] service=ReportService method=getReportDownloadURL responseTime=2553 requestId=d0593a8d5b5e9b8f9dc78c26096847bf server=ads.google.com isFault=0 faultMessage=null
