[Oct 06 2015 09:18:25.000000 - ERROR] POST /apis/ads/publisher/v201508/CompanyService HTTP/1.1
Host: ads.google.com
Connection: Keep-Alive
User-Agent: PHP-SOAP/5.6.10, gzip
Accept-Encoding: gzip, deflate
Content-Encoding: gzip
Content-Type: text/xml; charset=utf-8
SOAPAction: ""
Content-Length: 447
Authorization: Bearer ya29.BAIRbM3C7EBrXsjILRGxuk7HidFoGMiJmc-N0d8D--HnI5BeVJGL35Xa1wXe3RZJrJchFQ

<?xml version="1.0" encoding="UTF-8"?>
<SOAP-ENV:Envelope xmlns:SOAP-ENV="http://schemas.xmlsoap.org/soap/envelope/" xmlns:ns1="https://www.google.com/apis/ads/publisher/v201508" xmlns:xsi="http://www.w3.org/2001/XMLSchema-instance">
  <SOAP-ENV:Header>
    <ns1:RequestHeader>
      <ns1:networkCode>4442</ns1:networkCode>
      <ns1:applicationName>DFP Reports (DfpApi-PHP/6.3.0, Common-PHP/6.3.0, PHP/5.6.10)</ns1:applicationName>
    </ns1:RequestHeader>
  </SOAP-ENV:Header>
  <SOAP-ENV:Body>
    <ns1:getCompaniesByStatement>
      <ns1:filterStatement>
        <ns1:query>WHERE type = :type ORDER BY id ASC LIMIT 500</ns1:query>
        <ns1:values>
          <ns1:key>type</ns1:key>
          <ns1:value xsi:type="ns1:TextValue">
            <ns1:value>ADVERTISER</ns1:value>
          </ns1:value>
        </ns1:values>
      </ns1:filterStatement>
    </ns1:getCompaniesByStatement>
  </SOAP-ENV:Body>
</SOAP-ENV:Envelope>

HTTP/1.1 500 Internal Server Error
Content-Type: text/xml; charset=UTF-8
Content-Encoding: gzip
Date: Tue, 06 Oct 2015 07:18:26 GMT
Expires: Tue, 06 Oct 2015 07:18:26 GMT
Cache-Control: private, max-age=0
X-Content-Type-Options: nosniff
X-Frame-Options: SAMEORIGIN
X-XSS-Protection: 1; mode=block
Content-Length: 420
Server: GSE
Alternate-Protocol: 443:quic,p=1
Alt-Svc: quic=":443"; p="1"; ma=604800

<?xml version="1.0"?>
<soap:Envelope xmlns:soap="http://schemas.xmlsoap.org/soap/envelope/">
  <soap:Header>
    <ResponseHeader xmlns="https://www.google.com/apis/ads/publisher/v201508">
      <requestId>04687121229e169d51c98da689e45edd</requestId>
      <responseTime>115</responseTime>
    </ResponseHeader>
  </soap:Header>
  <soap:Body>
    <soap:Fault>
      <faultcode>soap:Server</faultcode>
      <faultstring>[AuthenticationError.NO_NETWORKS_TO_ACCESS @ ]</faultstring>
      <detail>
        <ApiExceptionFault xmlns="https://www.google.com/apis/ads/publisher/v201508">
          <message>[AuthenticationError.NO_NETWORKS_TO_ACCESS @ ]</message>
          <errors xmlns:xsi="http://www.w3.org/2001/XMLSchema-instance" xsi:type="AuthenticationError">
            <fieldPath/>
            <trigger/>
            <errorString>AuthenticationError.NO_NETWORKS_TO_ACCESS</errorString>
            <reason>NO_NETWORKS_TO_ACCESS</reason>
          </errors>
        </ApiExceptionFault>
      </detail>
    </soap:Fault>
  </soap:Body>
</soap:Envelope>

[Oct 06 2015 09:22:23.000000 - ERROR] POST /apis/ads/publisher/v201508/CompanyService HTTP/1.1
Host: ads.google.com
Connection: Keep-Alive
User-Agent: PHP-SOAP/5.6.10, gzip
Accept-Encoding: gzip, deflate
Content-Encoding: gzip
Content-Type: text/xml; charset=utf-8
SOAPAction: ""
Content-Length: 447
Authorization: Bearer ya29.BAI6fCERRvCwCXkuAqXPS0mzedMm9NjBKeC6Tv9d3MnPaqlLwEvdauV1VfGekRZKZkrjpA

<?xml version="1.0" encoding="UTF-8"?>
<SOAP-ENV:Envelope xmlns:SOAP-ENV="http://schemas.xmlsoap.org/soap/envelope/" xmlns:ns1="https://www.google.com/apis/ads/publisher/v201508" xmlns:xsi="http://www.w3.org/2001/XMLSchema-instance">
  <SOAP-ENV:Header>
    <ns1:RequestHeader>
      <ns1:networkCode>4442</ns1:networkCode>
      <ns1:applicationName>DFP Reports (DfpApi-PHP/6.3.0, Common-PHP/6.3.0, PHP/5.6.10)</ns1:applicationName>
    </ns1:RequestHeader>
  </SOAP-ENV:Header>
  <SOAP-ENV:Body>
    <ns1:getCompaniesByStatement>
      <ns1:filterStatement>
        <ns1:query>WHERE type = :type ORDER BY id ASC LIMIT 500</ns1:query>
        <ns1:values>
          <ns1:key>type</ns1:key>
          <ns1:value xsi:type="ns1:TextValue">
            <ns1:value>ADVERTISER</ns1:value>
          </ns1:value>
        </ns1:values>
      </ns1:filterStatement>
    </ns1:getCompaniesByStatement>
  </SOAP-ENV:Body>
</SOAP-ENV:Envelope>

HTTP/1.1 500 Internal Server Error
Content-Type: text/xml; charset=UTF-8
Content-Encoding: gzip
Date: Tue, 06 Oct 2015 07:22:23 GMT
Expires: Tue, 06 Oct 2015 07:22:23 GMT
Cache-Control: private, max-age=0
X-Content-Type-Options: nosniff
X-Frame-Options: SAMEORIGIN
X-XSS-Protection: 1; mode=block
Content-Length: 421
Server: GSE
Alternate-Protocol: 443:quic,p=1
Alt-Svc: quic=":443"; p="1"; ma=604800

<?xml version="1.0"?>
<soap:Envelope xmlns:soap="http://schemas.xmlsoap.org/soap/envelope/">
  <soap:Header>
    <ResponseHeader xmlns="https://www.google.com/apis/ads/publisher/v201508">
      <requestId>50e1017013baf881cb27ef22f9645e47</requestId>
      <responseTime>105</responseTime>
    </ResponseHeader>
  </soap:Header>
  <soap:Body>
    <soap:Fault>
      <faultcode>soap:Server</faultcode>
      <faultstring>[AuthenticationError.NO_NETWORKS_TO_ACCESS @ ]</faultstring>
      <detail>
        <ApiExceptionFault xmlns="https://www.google.com/apis/ads/publisher/v201508">
          <message>[AuthenticationError.NO_NETWORKS_TO_ACCESS @ ]</message>
          <errors xmlns:xsi="http://www.w3.org/2001/XMLSchema-instance" xsi:type="AuthenticationError">
            <fieldPath/>
            <trigger/>
            <errorString>AuthenticationError.NO_NETWORKS_TO_ACCESS</errorString>
            <reason>NO_NETWORKS_TO_ACCESS</reason>
          </errors>
        </ApiExceptionFault>
      </detail>
    </soap:Fault>
  </soap:Body>
</soap:Envelope>

